[35m[Appium][39m Welcome to Appium v1.22.3
[35m[Appium][39m Non-default server args:
[35m[Appium][39m   port: 54443
[35m[Appium][39m   loglevel: info
[35m[Appium][39m   tmpDir: C:\Users\ADMINI~1\AppData\Local\Temp\\Katalon\Appium\Temp1689059268933
[35m[Appium][39m   chromedriverPort: 54444
[35m[Appium][39m Deprecated server args:
[35m[Appium][39m   [31m--chromedriver-port[39m => --default-capabilities
[35m[Appium][39m Default capabilities, which will be added to each request unless overridden by desired capabilities:
[35m[Appium][39m   chromedriverPort: 54444
[35m[Appium][39m Appium REST http interface listener started on 0.0.0.0:54443
[35m[HTTP][39m [37m-->[39m [37mGET[39m [37m/wd/hub/status[39m
[35m[HTTP][39m [90m{}[39m
[35m[HTTP][39m [37m<-- GET /wd/hub/status [39m[32m200[39m [90m8 ms - 68[39m
[35m[HTTP][39m [90m[39m
[35m[HTTP][39m [37m-->[39m [37mGET[39m [37m/wd/hub/status[39m
[35m[HTTP][39m [90m{}[39m
[35m[HTTP][39m [37m<-- GET /wd/hub/status [39m[32m200[39m [90m2 ms - 68[39m
[35m[HTTP][39m [90m[39m
[35m[HTTP][39m [37m-->[39m [37mPOST[39m [37m/wd/hub/session[39m
[35m[HTTP][39m [90m{"desiredCapabilities":{"app":"C:\\Users\\Administrator\\Downloads\\app-arm64-v8a-release (1).apk","noReset":true,"deviceName":"Xiaomi Redmi Note 8 Pro (Android 11)","fullReset":false,"platform":"ANDROID","newCommandTimeout":1800,"platformVersion":"11","automationName":"uiautomator2","autoGrantPermissions":true,"platformName":"Android","udid":"gytshuauqknb7t6d","systemPort":54449},"capabilities":{"firstMatch":[{"appium:app":"C:\\Users\\Administrator\\Downloads\\app-arm64-v8a-release (1).apk","appium:autoGrantPermissions":true,"appium:automationName":"uiautomator2","appium:deviceName":"Xiaomi Redmi Note 8 Pro (Android 11)","appium:fullReset":false,"appium:newCommandTimeout":1800,"appium:noReset":true,"platform":"ANDROID","platformName":"android","appium:platformVersion":"11","appium:systemPort":54449,"appium:udid":"gytshuauqknb7t6d"}]}}[39m
[35m[BaseDriver][39m The following capabilities are not standard capabilities and should have an extension prefix:
[35m[BaseDriver][39m   platform
[35m[BaseDriver][39m   chromedriverPort
[35m[Appium][39m Appium v1.22.3 creating new AndroidUiautomator2Driver (v1.70.1) session
[35m[BaseDriver][39m The following capabilities were provided, but are not recognized by Appium:
[35m[BaseDriver][39m   platform
[35m[BaseDriver][39m Session created with session id: ab5ebe65-6172-4f76-8324-499d48c0d6b8
[35m[BaseDriver][39m Using local app 'C:\Users\Administrator\Downloads\app-arm64-v8a-release (1).apk'
[35m[ADB][39m Found 2 'build-tools' folders under 'C:\Users\Administrator\Desktop\android-sdk' (newest first):
[35m[ADB][39m     C:/Users/Administrator/Desktop/android-sdk/build-tools/34.0.0
[35m[ADB][39m     C:/Users/Administrator/Desktop/android-sdk/build-tools/30.0.3
[35m[ADB][39m Using 'adb.exe' from 'C:\Users\Administrator\Desktop\android-sdk\platform-tools\adb.exe'
[35m[AndroidDriver][39m Retrieving device list
[35m[AndroidDriver][39m Using device: gytshuauqknb7t6d
[35m[ADB][39m Using 'adb.exe' from 'C:\Users\Administrator\Desktop\android-sdk\platform-tools\adb.exe'
[35m[ADB][39m Getting device platform version
[35m[UiAutomator2][39m Relaxing hidden api policy
[35m[ADB][39m Package name: 'com.soft'
[35m[ADB][39m Main activity name: 'com.soft.MainActivity'
[35m[ADB][39m Using 'apksigner.jar' from 'C:\Users\Administrator\Desktop\android-sdk\build-tools\34.0.0\lib\apksigner.jar'
[35m[ADB][39m 'C:\Users\Administrator\AppData\Roaming\npm\node_modules\appium\node_modules\appium-uiautomator2-server\apks\appium-uiautomator2-server-v4.27.0.apk' is signed with the default certificate
[35m[ADB][39m 'C:\Users\Administrator\AppData\Roaming\npm\node_modules\appium\node_modules\appium-uiautomator2-server\apks\appium-uiautomator2-server-debug-androidTest.apk' is signed with the default certificate
[35m[UiAutomator2][39m Server packages are not going to be (re)installed
[35m[ADB][39m Adding packages ["io.appium.settings","io.appium.uiautomator2.server","io.appium.uiautomator2.server.test"] to Doze whitelist
[35m[ADB][39m 'C:\Users\Administrator\Downloads\app-arm64-v8a-release (1).apk' is signed with a non-default certificate
[35m[ADB][39m The application at 'C:\Users\Administrator\Downloads\app-arm64-v8a-release (1).apk' will not be cached, because the device under test has confirmed the support of streamed installs
[35m[ADB][39m The installation of 'app-arm64-v8a-release (1).apk' took 9722ms
[35m[UiAutomator2][39m Starting UIAutomator2 server 4.27.0
[35m[UiAutomator2][39m Using UIAutomator2 server from 'C:\Users\Administrator\AppData\Roaming\npm\node_modules\appium\node_modules\appium-uiautomator2-server\apks\appium-uiautomator2-server-v4.27.0.apk' and test from 'C:\Users\Administrator\AppData\Roaming\npm\node_modules\appium\node_modules\appium-uiautomator2-server\apks\appium-uiautomator2-server-debug-androidTest.apk'
[35m[UiAutomator2][39m Waiting up to 30000ms for UiAutomator2 to be online...
[35m[WD Proxy][39m socket hang up
[35m[WD Proxy][39m socket hang up
[35m[WD Proxy][39m socket hang up
[35m[WD Proxy][39m socket hang up
[35m[WD Proxy][39m Determined the downstream protocol as 'W3C'
[35m[AndroidDriver][39m Screen already unlocked, doing nothing
[35m[UiAutomator2][39m Starting 'com.soft/com.soft.MainActivity and waiting for 'com.soft/com.soft.MainActivity'
[35m[Appium][39m New AndroidUiautomator2Driver session created successfully, session ab5ebe65-6172-4f76-8324-499d48c0d6b8 added to master session list
[35m[HTTP][39m [37m<-- POST /wd/hub/session [39m[32m200[39m [90m22230 ms - 1309[39m
[35m[HTTP][39m [90m[39m
[35m[HTTP][39m [37m-->[39m [37mGET[39m [37m/wd/hub/session/ab5ebe65-6172-4f76-8324-499d48c0d6b8[39m
[35m[HTTP][39m [90m{}[39m
[35m[HTTP][39m [37m<-- GET /wd/hub/session/ab5ebe65-6172-4f76-8324-499d48c0d6b8 [39m[32m200[39m [90m13 ms - 1263[39m
[35m[HTTP][39m [90m[39m
[35m[HTTP][39m [37m-->[39m [37mGET[39m [37m/wd/hub/session/ab5ebe65-6172-4f76-8324-499d48c0d6b8[39m
[35m[HTTP][39m [90m{}[39m
[35m[HTTP][39m [37m<-- GET /wd/hub/session/ab5ebe65-6172-4f76-8324-499d48c0d6b8 [39m[32m200[39m [90m10 ms - 1263[39m
[35m[HTTP][39m [90m[39m
[35m[HTTP][39m [37m-->[39m [37mGET[39m [37m/wd/hub/status[39m
[35m[HTTP][39m [90m{}[39m
[35m[HTTP][39m [37m<-- GET /wd/hub/status [39m[32m200[39m [90m1 ms - 68[39m
[35m[HTTP][39m [90m[39m
[35m[HTTP][39m [37m-->[39m [37mPOST[39m [37m/wd/hub/session/ab5ebe65-6172-4f76-8324-499d48c0d6b8/timeouts[39m
[35m[HTTP][39m [90m{"implicit":60000}[39m
[35m[HTTP][39m [37m<-- POST /wd/hub/session/ab5ebe65-6172-4f76-8324-499d48c0d6b8/timeouts [39m[32m200[39m [90m4 ms - 14[39m
[35m[HTTP][39m [90m[39m
[35m[HTTP][39m [37m-->[39m [37mGET[39m [37m/wd/hub/session/ab5ebe65-6172-4f76-8324-499d48c0d6b8/source[39m
[35m[HTTP][39m [90m{}[39m
[35m[W3C (ab5ebe65)][39m Driver proxy active, passing request on via HTTP proxy
[35m[WD Proxy][39m Replacing sessionId fbc515f4-069d-4dad-98e9-54a2762343ae with ab5ebe65-6172-4f76-8324-499d48c0d6b8
[35m[HTTP][39m [37m<-- GET /wd/hub/session/ab5ebe65-6172-4f76-8324-499d48c0d6b8/source [39m[32m200[39m [90m103 ms - 2692[39m
[35m[HTTP][39m [90m[39m
[35m[HTTP][39m [37m-->[39m [37mGET[39m [37m/wd/hub/session/ab5ebe65-6172-4f76-8324-499d48c0d6b8/screenshot[39m
[35m[HTTP][39m [90m{}[39m
[35m[HTTP][39m [37m<-- GET /wd/hub/session/ab5ebe65-6172-4f76-8324-499d48c0d6b8/screenshot [39m[32m200[39m [90m690 ms - 47326[39m
[35m[HTTP][39m [90m[39m
[35m[HTTP][39m [37m-->[39m [37mDELETE[39m [37m/wd/hub/session/ab5ebe65-6172-4f76-8324-499d48c0d6b8[39m
[35m[HTTP][39m [90m{}[39m
[35m[Appium][39m Removing session ab5ebe65-6172-4f76-8324-499d48c0d6b8 from our master session list
[35m[UiAutomator2][39m Restoring hidden api policy to the device default configuration
[35m[HTTP][39m [37m<-- DELETE /wd/hub/session/ab5ebe65-6172-4f76-8324-499d48c0d6b8 [39m[32m200[39m [90m328 ms - 14[39m
[35m[HTTP][39m [90m[39m
