[35m[Appium][39m Welcome to Appium v1.22.3
[35m[Appium][39m Non-default server args:
[35m[Appium][39m   port: 62255
[35m[Appium][39m   loglevel: info
[35m[Appium][39m   tmpDir: C:\Users\ADMINI~1\AppData\Local\Temp\\Katalon\Appium\Temp1688549783694
[35m[Appium][39m   chromedriverPort: 62256
[35m[Appium][39m Deprecated server args:
[35m[Appium][39m   [31m--chromedriver-port[39m => --default-capabilities
[35m[Appium][39m Default capabilities, which will be added to each request unless overridden by desired capabilities:
[35m[Appium][39m   chromedriverPort: 62256
[35m[Appium][39m Appium REST http interface listener started on 0.0.0.0:62255
[35m[HTTP][39m [37m-->[39m [37mGET[39m [37m/wd/hub/status[39m
[35m[HTTP][39m [90m{}[39m
[35m[HTTP][39m [37m<-- GET /wd/hub/status [39m[32m200[39m [90m69 ms - 68[39m
[35m[HTTP][39m [90m[39m
[35m[HTTP][39m [37m-->[39m [37mGET[39m [37m/wd/hub/status[39m
[35m[HTTP][39m [90m{}[39m
[35m[HTTP][39m [37m<-- GET /wd/hub/status [39m[32m200[39m [90m1 ms - 68[39m
[35m[HTTP][39m [90m[39m
[35m[HTTP][39m [37m-->[39m [37mPOST[39m [37m/wd/hub/session[39m
[35m[HTTP][39m [90m{"desiredCapabilities":{"app":"C:\\Users\\Administrator\\Downloads\\app-arm64-v8a-release (7).apk","noReset":true,"deviceName":"Xiaomi Redmi Note 8 Pro (Android 11)","fullReset":false,"platform":"ANDROID","newCommandTimeout":1800,"platformVersion":"11","automationName":"uiautomator2","autoGrantPermissions":true,"platformName":"Android","udid":"gytshuauqknb7t6d","systemPort":62262},"capabilities":{"firstMatch":[{"appium:app":"C:\\Users\\Administrator\\Downloads\\app-arm64-v8a-release (7).apk","appium:autoGrantPermissions":true,"appium:automationName":"uiautomator2","appium:deviceName":"Xiaomi Redmi Note 8 Pro (Android 11)","appium:fullReset":false,"appium:newCommandTimeout":1800,"appium:noReset":true,"platform":"ANDROID","platformName":"android","appium:platformVersion":"11","appium:systemPort":62262,"appium:udid":"gytshuauqknb7t6d"}]}}[39m
[35m[BaseDriver][39m The following capabilities are not standard capabilities and should have an extension prefix:
[35m[BaseDriver][39m   platform
[35m[BaseDriver][39m   chromedriverPort
[35m[Appium][39m Appium v1.22.3 creating new AndroidUiautomator2Driver (v1.70.1) session
[35m[BaseDriver][39m The following capabilities were provided, but are not recognized by Appium:
[35m[BaseDriver][39m   platform
[35m[BaseDriver][39m Session created with session id: 3f733db1-20e7-4f8d-895a-2b81d43d2d07
[35m[BaseDriver][39m Using local app 'C:\Users\Administrator\Downloads\app-arm64-v8a-release (7).apk'
[35m[ADB][39m Found 1 'build-tools' folders under 'C:\Users\Administrator\.katalon\tools\android_sdk' (newest first):
[35m[ADB][39m     C:/Users/Administrator/.katalon/tools/android_sdk/build-tools/29.0.3
[35m[ADB][39m Using 'adb.exe' from 'C:\Users\Administrator\.katalon\tools\android_sdk\platform-tools\adb.exe'
[35m[AndroidDriver][39m Retrieving device list
[35m[AndroidDriver][39m Using device: gytshuauqknb7t6d
[35m[ADB][39m Using 'adb.exe' from 'C:\Users\Administrator\.katalon\tools\android_sdk\platform-tools\adb.exe'
[35m[ADB][39m Getting device platform version
[35m[UiAutomator2][39m Relaxing hidden api policy
[35m[ADB][39m Package name: 'com.thewriter'
[35m[ADB][39m Main activity name: 'com.thewriter.MainActivity'
[35m[ADB][39m The application at 'C:\Users\Administrator\AppData\Roaming\npm\node_modules\appium\node_modules\io.appium.settings\apks\settings_apk-debug.apk' will not be cached, because the device under test has confirmed the support of streamed installs
[35m[ADB][39m The installation of 'settings_apk-debug.apk' took 4798ms
[35m[ADB][39m Using 'apksigner.jar' from 'C:\Users\Administrator\.katalon\tools\android_sdk\build-tools\29.0.3\lib\apksigner.jar'
[35m[ADB][39m 'C:\Users\Administrator\AppData\Roaming\npm\node_modules\appium\node_modules\appium-uiautomator2-server\apks\appium-uiautomator2-server-v4.27.0.apk' is signed with the default certificate
[35m[ADB][39m 'C:\Users\Administrator\AppData\Roaming\npm\node_modules\appium\node_modules\appium-uiautomator2-server\apks\appium-uiautomator2-server-debug-androidTest.apk' is signed with the default certificate
[35m[UiAutomator2][39m Server packages are going to be (re)installed
[35m[ADB][39m The application at 'C:\Users\Administrator\AppData\Roaming\npm\node_modules\appium\node_modules\appium-uiautomator2-server\apks\appium-uiautomator2-server-v4.27.0.apk' will not be cached, because the device under test has confirmed the support of streamed installs
[35m[ADB][39m The installation of 'appium-uiautomator2-server-v4.27.0.apk' took 4229ms
[35m[ADB][39m The application at 'C:\Users\Administrator\AppData\Roaming\npm\node_modules\appium\node_modules\appium-uiautomator2-server\apks\appium-uiautomator2-server-debug-androidTest.apk' will not be cached, because the device under test has confirmed the support of streamed installs
[35m[ADB][39m The installation of 'appium-uiautomator2-server-debug-androidTest.apk' took 7380ms
[35m[ADB][39m Adding packages ["io.appium.settings","io.appium.uiautomator2.server","io.appium.uiautomator2.server.test"] to Doze whitelist
[35m[ADB][39m 'C:\Users\Administrator\Downloads\app-arm64-v8a-release (7).apk' is signed with a non-default certificate
[35m[ADB][39m The application at 'C:\Users\Administrator\Downloads\app-arm64-v8a-release (7).apk' will not be cached, because the device under test has confirmed the support of streamed installs
[35m[ADB][39m The installation of 'app-arm64-v8a-release (7).apk' took 13981ms
[35m[UiAutomator2][39m Starting UIAutomator2 server 4.27.0
[35m[UiAutomator2][39m Using UIAutomator2 server from 'C:\Users\Administrator\AppData\Roaming\npm\node_modules\appium\node_modules\appium-uiautomator2-server\apks\appium-uiautomator2-server-v4.27.0.apk' and test from 'C:\Users\Administrator\AppData\Roaming\npm\node_modules\appium\node_modules\appium-uiautomator2-server\apks\appium-uiautomator2-server-debug-androidTest.apk'
[35m[UiAutomator2][39m Waiting up to 30000ms for UiAutomator2 to be online...
[35m[WD Proxy][39m socket hang up
[35m[WD Proxy][39m socket hang up
[35m[WD Proxy][39m socket hang up
[35m[WD Proxy][39m Determined the downstream protocol as 'W3C'
[35m[AndroidDriver][39m Screen already unlocked, doing nothing
[35m[UiAutomator2][39m Starting 'com.thewriter/com.thewriter.MainActivity and waiting for 'com.thewriter/com.thewriter.MainActivity'
[35m[Appium][39m New AndroidUiautomator2Driver session created successfully, session 3f733db1-20e7-4f8d-895a-2b81d43d2d07 added to master session list
[35m[HTTP][39m [37m<-- POST /wd/hub/session [39m[32m200[39m [90m46685 ms - 1314[39m
[35m[HTTP][39m [90m[39m
[35m[HTTP][39m [37m-->[39m [37mGET[39m [37m/wd/hub/session/3f733db1-20e7-4f8d-895a-2b81d43d2d07[39m
[35m[HTTP][39m [90m{}[39m
[35m[HTTP][39m [37m<-- GET /wd/hub/session/3f733db1-20e7-4f8d-895a-2b81d43d2d07 [39m[32m200[39m [90m17 ms - 1268[39m
[35m[HTTP][39m [90m[39m
[35m[HTTP][39m [37m-->[39m [37mGET[39m [37m/wd/hub/session/3f733db1-20e7-4f8d-895a-2b81d43d2d07[39m
[35m[HTTP][39m [90m{}[39m
[35m[HTTP][39m [37m<-- GET /wd/hub/session/3f733db1-20e7-4f8d-895a-2b81d43d2d07 [39m[32m200[39m [90m19 ms - 1268[39m
[35m[HTTP][39m [90m[39m
[35m[HTTP][39m [37m-->[39m [37mGET[39m [37m/wd/hub/status[39m
[35m[HTTP][39m [90m{}[39m
[35m[HTTP][39m [37m<-- GET /wd/hub/status [39m[32m200[39m [90m16 ms - 68[39m
[35m[HTTP][39m [90m[39m
[35m[HTTP][39m [37m-->[39m [37mPOST[39m [37m/wd/hub/session/3f733db1-20e7-4f8d-895a-2b81d43d2d07/timeouts[39m
[35m[HTTP][39m [90m{"implicit":60000}[39m
[35m[HTTP][39m [37m<-- POST /wd/hub/session/3f733db1-20e7-4f8d-895a-2b81d43d2d07/timeouts [39m[32m200[39m [90m4 ms - 14[39m
[35m[HTTP][39m [90m[39m
[35m[HTTP][39m [37m-->[39m [37mGET[39m [37m/wd/hub/session/3f733db1-20e7-4f8d-895a-2b81d43d2d07/source[39m
[35m[HTTP][39m [90m{}[39m
[35m[W3C (3f733db1)][39m Driver proxy active, passing request on via HTTP proxy
[35m[WD Proxy][39m Replacing sessionId 1292c261-c118-4c1e-b4b1-28e0003e38cb with 3f733db1-20e7-4f8d-895a-2b81d43d2d07
[35m[HTTP][39m [37m<-- GET /wd/hub/session/3f733db1-20e7-4f8d-895a-2b81d43d2d07/source [39m[32m200[39m [90m705 ms - 6493[39m
[35m[HTTP][39m [90m[39m
[35m[HTTP][39m [37m-->[39m [37mGET[39m [37m/wd/hub/session/3f733db1-20e7-4f8d-895a-2b81d43d2d07/screenshot[39m
[35m[HTTP][39m [90m{}[39m
[35m[HTTP][39m [37m<-- GET /wd/hub/session/3f733db1-20e7-4f8d-895a-2b81d43d2d07/screenshot [39m[32m200[39m [90m382 ms - 105864[39m
[35m[HTTP][39m [90m[39m
[35m[HTTP][39m [37m-->[39m [37mPOST[39m [37m/wd/hub/session/3f733db1-20e7-4f8d-895a-2b81d43d2d07/elements[39m
[35m[HTTP][39m [90m{"using":"xpath","value":"//*[@class = 'android.view.ViewGroup' and (@text = '' or . = '')]"}[39m
[35m[HTTP][39m [37m<-- POST /wd/hub/session/3f733db1-20e7-4f8d-895a-2b81d43d2d07/elements [39m[32m200[39m [90m557 ms - 1291[39m
[35m[HTTP][39m [90m[39m
[35m[HTTP][39m [37m-->[39m [37mPOST[39m [37m/wd/hub/session/3f733db1-20e7-4f8d-895a-2b81d43d2d07/elements[39m
[35m[HTTP][39m [90m{"using":"-android uiautomator","value":"new UiSelector().className(\"android.view.ViewGroup\")"}[39m
[35m[HTTP][39m [37m<-- POST /wd/hub/session/3f733db1-20e7-4f8d-895a-2b81d43d2d07/elements [39m[32m200[39m [90m143 ms - 1291[39m
[35m[HTTP][39m [90m[39m
[35m[HTTP][39m [37m-->[39m [37mGET[39m [37m/wd/hub/session/3f733db1-20e7-4f8d-895a-2b81d43d2d07/window/rect[39m
[35m[HTTP][39m [90m{}[39m
[35m[HTTP][39m [37m<-- GET /wd/hub/session/3f733db1-20e7-4f8d-895a-2b81d43d2d07/window/rect [39m[32m200[39m [90m33 ms - 50[39m
[35m[HTTP][39m [90m[39m
[35m[HTTP][39m [37m-->[39m [37mPOST[39m [37m/wd/hub/session/3f733db1-20e7-4f8d-895a-2b81d43d2d07/elements[39m
[35m[HTTP][39m [90m{"using":"xpath","value":"//hierarchy/android.widget.FrameLayout[1]/android.widget.LinearLayout[1]/android.widget.FrameLayout[1]/android.widget.LinearLayout[1]/android.widget.FrameLayout[1]/android.widget.FrameLayout[1]/android.view.ViewGroup[1]/android.view.ViewGroup[2]/android.view.ViewGroup[1]/android.view.ViewGroup[1]/android.view.ViewGroup[1]/android.view.ViewGroup[1]/android.view.ViewGroup[1]"}[39m
[35m[HTTP][39m [37m<-- POST /wd/hub/session/3f733db1-20e7-4f8d-895a-2b81d43d2d07/elements [39m[32m200[39m [90m123 ms - 139[39m
[35m[HTTP][39m [90m[39m
[35m[HTTP][39m [37m-->[39m [37mGET[39m [37m/wd/hub/session/3f733db1-20e7-4f8d-895a-2b81d43d2d07/element/00000000-0000-0012-ffff-ffff00000018/location[39m
[35m[HTTP][39m [90m{}[39m
[35m[W3C (3f733db1)][39m Driver proxy active, passing request on via HTTP proxy
[35m[WD Proxy][39m Replacing sessionId 1292c261-c118-4c1e-b4b1-28e0003e38cb with 3f733db1-20e7-4f8d-895a-2b81d43d2d07
[35m[HTTP][39m [37m<-- GET /wd/hub/session/3f733db1-20e7-4f8d-895a-2b81d43d2d07/element/00000000-0000-0012-ffff-ffff00000018/location [39m[32m200[39m [90m22 ms - 75[39m
[35m[HTTP][39m [90m[39m
[35m[HTTP][39m [37m-->[39m [37mPOST[39m [37m/wd/hub/session/3f733db1-20e7-4f8d-895a-2b81d43d2d07/element/00000000-0000-0012-ffff-ffff00000018/click[39m
[35m[HTTP][39m [90m{"id":"00000000-0000-0012-ffff-ffff00000018"}[39m
[35m[HTTP][39m [37m<-- POST /wd/hub/session/3f733db1-20e7-4f8d-895a-2b81d43d2d07/element/00000000-0000-0012-ffff-ffff00000018/click [39m[32m200[39m [90m60 ms - 14[39m
[35m[HTTP][39m [90m[39m
[35m[HTTP][39m [37m-->[39m [37mGET[39m [37m/wd/hub/session/3f733db1-20e7-4f8d-895a-2b81d43d2d07/source[39m
[35m[HTTP][39m [90m{}[39m
[35m[W3C (3f733db1)][39m Driver proxy active, passing request on via HTTP proxy
[35m[WD Proxy][39m Replacing sessionId 1292c261-c118-4c1e-b4b1-28e0003e38cb with 3f733db1-20e7-4f8d-895a-2b81d43d2d07
[35m[HTTP][39m [37m<-- GET /wd/hub/session/3f733db1-20e7-4f8d-895a-2b81d43d2d07/source [39m[32m200[39m [90m122 ms - 8172[39m
[35m[HTTP][39m [90m[39m
[35m[HTTP][39m [37m-->[39m [37mGET[39m [37m/wd/hub/session/3f733db1-20e7-4f8d-895a-2b81d43d2d07/screenshot[39m
[35m[HTTP][39m [90m{}[39m
[35m[HTTP][39m [37m<-- GET /wd/hub/session/3f733db1-20e7-4f8d-895a-2b81d43d2d07/screenshot [39m[32m200[39m [90m497 ms - 269598[39m
[35m[HTTP][39m [90m[39m
[35m[HTTP][39m [37m-->[39m [37mGET[39m [37m/wd/hub/session/3f733db1-20e7-4f8d-895a-2b81d43d2d07/context[39m
[35m[HTTP][39m [90m{}[39m
[35m[HTTP][39m [37m<-- GET /wd/hub/session/3f733db1-20e7-4f8d-895a-2b81d43d2d07/context [39m[32m200[39m [90m4 ms - 22[39m
[35m[HTTP][39m [90m[39m
[35m[HTTP][39m [37m-->[39m [37mGET[39m [37m/wd/hub/session/3f733db1-20e7-4f8d-895a-2b81d43d2d07/contexts[39m
[35m[HTTP][39m [90m{}[39m
[35m[HTTP][39m [37m<-- GET /wd/hub/session/3f733db1-20e7-4f8d-895a-2b81d43d2d07/contexts [39m[32m200[39m [90m58 ms - 24[39m
[35m[HTTP][39m [90m[39m
[35m[HTTP][39m [37m-->[39m [37mPOST[39m [37m/wd/hub/session/3f733db1-20e7-4f8d-895a-2b81d43d2d07/context[39m
[35m[HTTP][39m [90m{"name":"NATIVE_APP"}[39m
[35m[HTTP][39m [37m<-- POST /wd/hub/session/3f733db1-20e7-4f8d-895a-2b81d43d2d07/context [39m[32m200[39m [90m2 ms - 14[39m
[35m[HTTP][39m [90m[39m
[35m[HTTP][39m [37m-->[39m [37mPOST[39m [37m/wd/hub/session/3f733db1-20e7-4f8d-895a-2b81d43d2d07/orientation[39m
[35m[HTTP][39m [90m{"orientation":"PORTRAIT"}[39m
[35m[W3C (3f733db1)][39m Driver proxy active, passing request on via HTTP proxy
[35m[WD Proxy][39m Replacing sessionId 1292c261-c118-4c1e-b4b1-28e0003e38cb with 3f733db1-20e7-4f8d-895a-2b81d43d2d07
[35m[HTTP][39m [37m<-- POST /wd/hub/session/3f733db1-20e7-4f8d-895a-2b81d43d2d07/orientation [39m[32m200[39m [90m15 ms - 71[39m
[35m[HTTP][39m [90m[39m
[35m[HTTP][39m [37m-->[39m [37mPOST[39m [37m/wd/hub/session/3f733db1-20e7-4f8d-895a-2b81d43d2d07/context[39m
[35m[HTTP][39m [90m{"name":"NATIVE_APP"}[39m
[35m[HTTP][39m [37m<-- POST /wd/hub/session/3f733db1-20e7-4f8d-895a-2b81d43d2d07/context [39m[32m200[39m [90m1 ms - 14[39m
[35m[HTTP][39m [90m[39m
[35m[HTTP][39m [37m-->[39m [37mGET[39m [37m/wd/hub/session/3f733db1-20e7-4f8d-895a-2b81d43d2d07/source[39m
[35m[HTTP][39m [90m{}[39m
[35m[W3C (3f733db1)][39m Driver proxy active, passing request on via HTTP proxy
[35m[WD Proxy][39m Replacing sessionId 1292c261-c118-4c1e-b4b1-28e0003e38cb with 3f733db1-20e7-4f8d-895a-2b81d43d2d07
[35m[HTTP][39m [37m<-- GET /wd/hub/session/3f733db1-20e7-4f8d-895a-2b81d43d2d07/source [39m[32m200[39m [90m503 ms - 8172[39m
[35m[HTTP][39m [90m[39m
[35m[HTTP][39m [37m-->[39m [37mGET[39m [37m/wd/hub/session/3f733db1-20e7-4f8d-895a-2b81d43d2d07/screenshot[39m
[35m[HTTP][39m [90m{}[39m
[35m[HTTP][39m [37m<-- GET /wd/hub/session/3f733db1-20e7-4f8d-895a-2b81d43d2d07/screenshot [39m[32m200[39m [90m442 ms - 270196[39m
[35m[HTTP][39m [90m[39m
[35m[HTTP][39m [37m-->[39m [37mPOST[39m [37m/wd/hub/session/3f733db1-20e7-4f8d-895a-2b81d43d2d07/elements[39m
[35m[HTTP][39m [90m{"using":"xpath","value":"//*[@class = 'android.view.ViewGroup' and (@text = '' or . = '')]"}[39m
[35m[HTTP][39m [37m<-- POST /wd/hub/session/3f733db1-20e7-4f8d-895a-2b81d43d2d07/elements [39m[32m200[39m [90m273 ms - 1291[39m
[35m[HTTP][39m [90m[39m
[35m[HTTP][39m [37m-->[39m [37mPOST[39m [37m/wd/hub/session/3f733db1-20e7-4f8d-895a-2b81d43d2d07/elements[39m
[35m[HTTP][39m [90m{"using":"-android uiautomator","value":"new UiSelector().className(\"android.view.ViewGroup\")"}[39m
[35m[HTTP][39m [37m<-- POST /wd/hub/session/3f733db1-20e7-4f8d-895a-2b81d43d2d07/elements [39m[32m200[39m [90m213 ms - 1291[39m
[35m[HTTP][39m [90m[39m
[35m[HTTP][39m [37m-->[39m [37mGET[39m [37m/wd/hub/session/3f733db1-20e7-4f8d-895a-2b81d43d2d07/window/rect[39m
[35m[HTTP][39m [90m{}[39m
[35m[HTTP][39m [37m<-- GET /wd/hub/session/3f733db1-20e7-4f8d-895a-2b81d43d2d07/window/rect [39m[32m200[39m [90m37 ms - 50[39m
[35m[HTTP][39m [90m[39m
[35m[HTTP][39m [37m-->[39m [37mPOST[39m [37m/wd/hub/session/3f733db1-20e7-4f8d-895a-2b81d43d2d07/elements[39m
[35m[HTTP][39m [90m{"using":"xpath","value":"//hierarchy/android.widget.FrameLayout[1]/android.widget.LinearLayout[1]/android.widget.FrameLayout[1]/android.widget.LinearLayout[1]/android.widget.FrameLayout[1]/android.widget.FrameLayout[1]/android.view.ViewGroup[1]/android.view.ViewGroup[2]/android.view.ViewGroup[1]/android.view.ViewGroup[1]/android.view.ViewGroup[1]/android.view.ViewGroup[1]/android.view.ViewGroup[1]/android.view.ViewGroup[1]/android.view.ViewGroup[1]"}[39m
[35m[HTTP][39m [37m<-- POST /wd/hub/session/3f733db1-20e7-4f8d-895a-2b81d43d2d07/elements [39m[32m200[39m [90m148 ms - 139[39m
[35m[HTTP][39m [90m[39m
[35m[HTTP][39m [37m-->[39m [37mGET[39m [37m/wd/hub/session/3f733db1-20e7-4f8d-895a-2b81d43d2d07/element/00000000-0000-0012-ffff-ffff0000001c/location[39m
[35m[HTTP][39m [90m{}[39m
[35m[W3C (3f733db1)][39m Driver proxy active, passing request on via HTTP proxy
[35m[WD Proxy][39m Replacing sessionId 1292c261-c118-4c1e-b4b1-28e0003e38cb with 3f733db1-20e7-4f8d-895a-2b81d43d2d07
[35m[HTTP][39m [37m<-- GET /wd/hub/session/3f733db1-20e7-4f8d-895a-2b81d43d2d07/element/00000000-0000-0012-ffff-ffff0000001c/location [39m[32m200[39m [90m31 ms - 79[39m
[35m[HTTP][39m [90m[39m
[35m[HTTP][39m [37m-->[39m [37mPOST[39m [37m/wd/hub/session/3f733db1-20e7-4f8d-895a-2b81d43d2d07/element/00000000-0000-0012-ffff-ffff0000001c/click[39m
[35m[HTTP][39m [90m{"id":"00000000-0000-0012-ffff-ffff0000001c"}[39m
[35m[HTTP][39m [37m<-- POST /wd/hub/session/3f733db1-20e7-4f8d-895a-2b81d43d2d07/element/00000000-0000-0012-ffff-ffff0000001c/click [39m[32m200[39m [90m63 ms - 14[39m
[35m[HTTP][39m [90m[39m
[35m[HTTP][39m [37m-->[39m [37mGET[39m [37m/wd/hub/session/3f733db1-20e7-4f8d-895a-2b81d43d2d07/source[39m
[35m[HTTP][39m [90m{}[39m
[35m[W3C (3f733db1)][39m Driver proxy active, passing request on via HTTP proxy
[35m[WD Proxy][39m Replacing sessionId 1292c261-c118-4c1e-b4b1-28e0003e38cb with 3f733db1-20e7-4f8d-895a-2b81d43d2d07
[35m[HTTP][39m [37m<-- GET /wd/hub/session/3f733db1-20e7-4f8d-895a-2b81d43d2d07/source [39m[32m200[39m [90m415 ms - 14502[39m
[35m[HTTP][39m [90m[39m
[35m[HTTP][39m [37m-->[39m [37mGET[39m [37m/wd/hub/session/3f733db1-20e7-4f8d-895a-2b81d43d2d07/screenshot[39m
[35m[HTTP][39m [90m{}[39m
[35m[HTTP][39m [37m<-- GET /wd/hub/session/3f733db1-20e7-4f8d-895a-2b81d43d2d07/screenshot [39m[32m200[39m [90m850 ms - 304328[39m
[35m[HTTP][39m [90m[39m
[35m[HTTP][39m [37m-->[39m [37mPOST[39m [37m/wd/hub/session/3f733db1-20e7-4f8d-895a-2b81d43d2d07/elements[39m
[35m[HTTP][39m [90m{"using":"xpath","value":"//*[@class = 'android.widget.EditText' and (@text = '9876543210' or . = '9876543210')]"}[39m
[35m[HTTP][39m [37m<-- POST /wd/hub/session/3f733db1-20e7-4f8d-895a-2b81d43d2d07/elements [39m[32m200[39m [90m279 ms - 139[39m
[35m[HTTP][39m [90m[39m
[35m[HTTP][39m [37m-->[39m [37mGET[39m [37m/wd/hub/session/3f733db1-20e7-4f8d-895a-2b81d43d2d07/window/rect[39m
[35m[HTTP][39m [90m{}[39m
[35m[HTTP][39m [37m<-- GET /wd/hub/session/3f733db1-20e7-4f8d-895a-2b81d43d2d07/window/rect [39m[32m200[39m [90m24 ms - 50[39m
[35m[HTTP][39m [90m[39m
[35m[HTTP][39m [37m-->[39m [37mPOST[39m [37m/wd/hub/session/3f733db1-20e7-4f8d-895a-2b81d43d2d07/elements[39m
[35m[HTTP][39m [90m{"using":"xpath","value":"//*[@class = 'android.widget.EditText' and (@text = '9876543210' or . = '9876543210')]"}[39m
[35m[HTTP][39m [37m<-- POST /wd/hub/session/3f733db1-20e7-4f8d-895a-2b81d43d2d07/elements [39m[32m200[39m [90m280 ms - 139[39m
[35m[HTTP][39m [90m[39m
[35m[HTTP][39m [37m-->[39m [37mGET[39m [37m/wd/hub/session/3f733db1-20e7-4f8d-895a-2b81d43d2d07/element/00000000-0000-0012-ffff-ffff0000002e/location[39m
[35m[HTTP][39m [90m{}[39m
[35m[W3C (3f733db1)][39m Driver proxy active, passing request on via HTTP proxy
[35m[WD Proxy][39m Replacing sessionId 1292c261-c118-4c1e-b4b1-28e0003e38cb with 3f733db1-20e7-4f8d-895a-2b81d43d2d07
[35m[HTTP][39m [37m<-- GET /wd/hub/session/3f733db1-20e7-4f8d-895a-2b81d43d2d07/element/00000000-0000-0012-ffff-ffff0000002e/location [39m[32m200[39m [90m24 ms - 79[39m
[35m[HTTP][39m [90m[39m
[35m[HTTP][39m [37m-->[39m [37mPOST[39m [37m/wd/hub/session/3f733db1-20e7-4f8d-895a-2b81d43d2d07/element/00000000-0000-0012-ffff-ffff0000002e/value[39m
[35m[HTTP][39m [90m{"id":"00000000-0000-0012-ffff-ffff0000002e","text":"8888888888","value":["8","8","8","8","8","8","8","8","8","8"]}[39m
[35m[HTTP][39m [37m<-- POST /wd/hub/session/3f733db1-20e7-4f8d-895a-2b81d43d2d07/element/00000000-0000-0012-ffff-ffff0000002e/value [39m[32m200[39m [90m86 ms - 14[39m
[35m[HTTP][39m [90m[39m
[35m[HTTP][39m [37m-->[39m [37mGET[39m [37m/wd/hub/session/3f733db1-20e7-4f8d-895a-2b81d43d2d07/source[39m
[35m[HTTP][39m [90m{}[39m
[35m[W3C (3f733db1)][39m Driver proxy active, passing request on via HTTP proxy
[35m[WD Proxy][39m Replacing sessionId 1292c261-c118-4c1e-b4b1-28e0003e38cb with 3f733db1-20e7-4f8d-895a-2b81d43d2d07
[35m[HTTP][39m [37m<-- GET /wd/hub/session/3f733db1-20e7-4f8d-895a-2b81d43d2d07/source [39m[32m200[39m [90m174 ms - 14502[39m
[35m[HTTP][39m [90m[39m
[35m[HTTP][39m [37m-->[39m [37mGET[39m [37m/wd/hub/session/3f733db1-20e7-4f8d-895a-2b81d43d2d07/screenshot[39m
[35m[HTTP][39m [90m{}[39m
[35m[HTTP][39m [37m<-- GET /wd/hub/session/3f733db1-20e7-4f8d-895a-2b81d43d2d07/screenshot [39m[32m200[39m [90m531 ms - 298030[39m
[35m[HTTP][39m [90m[39m
[35m[HTTP][39m [37m-->[39m [37mPOST[39m [37m/wd/hub/session/3f733db1-20e7-4f8d-895a-2b81d43d2d07/elements[39m
[35m[HTTP][39m [90m{"using":"xpath","value":"//*[@class = 'android.widget.TextView' and (@text = '󰄱' or . = '󰄱')]"}[39m
[35m[HTTP][39m [37m<-- POST /wd/hub/session/3f733db1-20e7-4f8d-895a-2b81d43d2d07/elements [39m[32m200[39m [90m282 ms - 139[39m
[35m[HTTP][39m [90m[39m
[35m[HTTP][39m [37m-->[39m [37mGET[39m [37m/wd/hub/session/3f733db1-20e7-4f8d-895a-2b81d43d2d07/window/rect[39m
[35m[HTTP][39m [90m{}[39m
[35m[HTTP][39m [37m<-- GET /wd/hub/session/3f733db1-20e7-4f8d-895a-2b81d43d2d07/window/rect [39m[32m200[39m [90m20 ms - 50[39m
[35m[HTTP][39m [90m[39m
[35m[HTTP][39m [37m-->[39m [37mPOST[39m [37m/wd/hub/session/3f733db1-20e7-4f8d-895a-2b81d43d2d07/elements[39m
[35m[HTTP][39m [90m{"using":"xpath","value":"//*[@class = 'android.widget.TextView' and (@text = '󰄱' or . = '󰄱')]"}[39m
[35m[HTTP][39m [37m<-- POST /wd/hub/session/3f733db1-20e7-4f8d-895a-2b81d43d2d07/elements [39m[32m200[39m [90m148 ms - 139[39m
[35m[HTTP][39m [90m[39m
[35m[HTTP][39m [37m-->[39m [37mGET[39m [37m/wd/hub/session/3f733db1-20e7-4f8d-895a-2b81d43d2d07/element/00000000-0000-0012-ffff-ffff00000030/location[39m
[35m[HTTP][39m [90m{}[39m
[35m[W3C (3f733db1)][39m Driver proxy active, passing request on via HTTP proxy
[35m[WD Proxy][39m Replacing sessionId 1292c261-c118-4c1e-b4b1-28e0003e38cb with 3f733db1-20e7-4f8d-895a-2b81d43d2d07
[35m[HTTP][39m [37m<-- GET /wd/hub/session/3f733db1-20e7-4f8d-895a-2b81d43d2d07/element/00000000-0000-0012-ffff-ffff00000030/location [39m[32m200[39m [90m27 ms - 78[39m
[35m[HTTP][39m [90m[39m
[35m[HTTP][39m [37m-->[39m [37mPOST[39m [37m/wd/hub/session/3f733db1-20e7-4f8d-895a-2b81d43d2d07/element/00000000-0000-0012-ffff-ffff00000030/click[39m
[35m[HTTP][39m [90m{"id":"00000000-0000-0012-ffff-ffff00000030"}[39m
[35m[HTTP][39m [37m<-- POST /wd/hub/session/3f733db1-20e7-4f8d-895a-2b81d43d2d07/element/00000000-0000-0012-ffff-ffff00000030/click [39m[32m200[39m [90m57 ms - 14[39m
[35m[HTTP][39m [90m[39m
[35m[HTTP][39m [37m-->[39m [37mGET[39m [37m/wd/hub/session/3f733db1-20e7-4f8d-895a-2b81d43d2d07/source[39m
[35m[HTTP][39m [90m{}[39m
[35m[W3C (3f733db1)][39m Driver proxy active, passing request on via HTTP proxy
[35m[WD Proxy][39m Replacing sessionId 1292c261-c118-4c1e-b4b1-28e0003e38cb with 3f733db1-20e7-4f8d-895a-2b81d43d2d07
[35m[HTTP][39m [37m<-- GET /wd/hub/session/3f733db1-20e7-4f8d-895a-2b81d43d2d07/source [39m[32m200[39m [90m151 ms - 14502[39m
[35m[HTTP][39m [90m[39m
[35m[HTTP][39m [37m-->[39m [37mGET[39m [37m/wd/hub/session/3f733db1-20e7-4f8d-895a-2b81d43d2d07/screenshot[39m
[35m[HTTP][39m [90m{}[39m
[35m[HTTP][39m [37m<-- GET /wd/hub/session/3f733db1-20e7-4f8d-895a-2b81d43d2d07/screenshot [39m[32m200[39m [90m731 ms - 298326[39m
[35m[HTTP][39m [90m[39m
[35m[HTTP][39m [37m-->[39m [37mPOST[39m [37m/wd/hub/session/3f733db1-20e7-4f8d-895a-2b81d43d2d07/elements[39m
[35m[HTTP][39m [90m{"using":"xpath","value":"//*[@class = 'android.view.ViewGroup' and (@text = '' or . = '')]"}[39m
[35m[HTTP][39m [37m<-- POST /wd/hub/session/3f733db1-20e7-4f8d-895a-2b81d43d2d07/elements [39m[32m200[39m [90m267 ms - 1803[39m
[35m[HTTP][39m [90m[39m
[35m[HTTP][39m [37m-->[39m [37mPOST[39m [37m/wd/hub/session/3f733db1-20e7-4f8d-895a-2b81d43d2d07/elements[39m
[35m[HTTP][39m [90m{"using":"-android uiautomator","value":"new UiSelector().className(\"android.view.ViewGroup\")"}[39m
[35m[HTTP][39m [37m<-- POST /wd/hub/session/3f733db1-20e7-4f8d-895a-2b81d43d2d07/elements [39m[32m200[39m [90m336 ms - 1803[39m
[35m[HTTP][39m [90m[39m
[35m[HTTP][39m [37m-->[39m [37mGET[39m [37m/wd/hub/session/3f733db1-20e7-4f8d-895a-2b81d43d2d07/window/rect[39m
[35m[HTTP][39m [90m{}[39m
[35m[HTTP][39m [37m<-- GET /wd/hub/session/3f733db1-20e7-4f8d-895a-2b81d43d2d07/window/rect [39m[32m200[39m [90m19 ms - 50[39m
[35m[HTTP][39m [90m[39m
[35m[HTTP][39m [37m-->[39m [37mPOST[39m [37m/wd/hub/session/3f733db1-20e7-4f8d-895a-2b81d43d2d07/elements[39m
[35m[HTTP][39m [90m{"using":"xpath","value":"//hierarchy/android.widget.FrameLayout[1]/android.widget.LinearLayout[1]/android.widget.FrameLayout[1]/android.widget.LinearLayout[1]/android.widget.FrameLayout[1]/android.widget.FrameLayout[1]/android.view.ViewGroup[1]/android.view.ViewGroup[2]/android.view.ViewGroup[1]/android.view.ViewGroup[1]/android.view.ViewGroup[1]/android.view.ViewGroup[1]/android.view.ViewGroup[1]/android.view.ViewGroup[1]/android.widget.ScrollView[1]/android.view.ViewGroup[1]/android.view.ViewGroup[3]/android.view.ViewGroup[1]"}[39m
[35m[HTTP][39m [37m<-- POST /wd/hub/session/3f733db1-20e7-4f8d-895a-2b81d43d2d07/elements [39m[32m200[39m [90m123 ms - 139[39m
[35m[HTTP][39m [90m[39m
[35m[HTTP][39m [37m-->[39m [37mGET[39m [37m/wd/hub/session/3f733db1-20e7-4f8d-895a-2b81d43d2d07/element/00000000-0000-0012-ffff-ffff00000036/location[39m
[35m[HTTP][39m [90m{}[39m
[35m[W3C (3f733db1)][39m Driver proxy active, passing request on via HTTP proxy
[35m[WD Proxy][39m Replacing sessionId 1292c261-c118-4c1e-b4b1-28e0003e38cb with 3f733db1-20e7-4f8d-895a-2b81d43d2d07
[35m[HTTP][39m [37m<-- GET /wd/hub/session/3f733db1-20e7-4f8d-895a-2b81d43d2d07/element/00000000-0000-0012-ffff-ffff00000036/location [39m[32m200[39m [90m22 ms - 79[39m
[35m[HTTP][39m [90m[39m
[35m[HTTP][39m [37m-->[39m [37mPOST[39m [37m/wd/hub/session/3f733db1-20e7-4f8d-895a-2b81d43d2d07/element/00000000-0000-0012-ffff-ffff00000036/click[39m
[35m[HTTP][39m [90m{"id":"00000000-0000-0012-ffff-ffff00000036"}[39m
[35m[HTTP][39m [37m<-- POST /wd/hub/session/3f733db1-20e7-4f8d-895a-2b81d43d2d07/element/00000000-0000-0012-ffff-ffff00000036/click [39m[32m200[39m [90m56 ms - 14[39m
[35m[HTTP][39m [90m[39m
[35m[HTTP][39m [37m-->[39m [37mGET[39m [37m/wd/hub/session/3f733db1-20e7-4f8d-895a-2b81d43d2d07/source[39m
[35m[HTTP][39m [90m{}[39m
[35m[W3C (3f733db1)][39m Driver proxy active, passing request on via HTTP proxy
[35m[WD Proxy][39m Replacing sessionId 1292c261-c118-4c1e-b4b1-28e0003e38cb with 3f733db1-20e7-4f8d-895a-2b81d43d2d07
[35m[HTTP][39m [37m<-- GET /wd/hub/session/3f733db1-20e7-4f8d-895a-2b81d43d2d07/source [39m[32m200[39m [90m95 ms - 14502[39m
[35m[HTTP][39m [90m[39m
[35m[HTTP][39m [37m-->[39m [37mGET[39m [37m/wd/hub/session/3f733db1-20e7-4f8d-895a-2b81d43d2d07/screenshot[39m
[35m[HTTP][39m [90m{}[39m
[35m[HTTP][39m [37m<-- GET /wd/hub/session/3f733db1-20e7-4f8d-895a-2b81d43d2d07/screenshot [39m[32m200[39m [90m454 ms - 298268[39m
[35m[HTTP][39m [90m[39m
[35m[HTTP][39m [37m-->[39m [37mPOST[39m [37m/wd/hub/session/3f733db1-20e7-4f8d-895a-2b81d43d2d07/elements[39m
[35m[HTTP][39m [90m{"using":"xpath","value":"//*[@class = 'android.widget.TextView' and (@text = 'Proceed' or . = 'Proceed')]"}[39m
[35m[HTTP][39m [37m<-- POST /wd/hub/session/3f733db1-20e7-4f8d-895a-2b81d43d2d07/elements [39m[32m200[39m [90m244 ms - 139[39m
[35m[HTTP][39m [90m[39m
[35m[HTTP][39m [37m-->[39m [37mGET[39m [37m/wd/hub/session/3f733db1-20e7-4f8d-895a-2b81d43d2d07/window/rect[39m
[35m[HTTP][39m [90m{}[39m
[35m[HTTP][39m [37m<-- GET /wd/hub/session/3f733db1-20e7-4f8d-895a-2b81d43d2d07/window/rect [39m[32m200[39m [90m18 ms - 50[39m
[35m[HTTP][39m [90m[39m
[35m[HTTP][39m [37m-->[39m [37mPOST[39m [37m/wd/hub/session/3f733db1-20e7-4f8d-895a-2b81d43d2d07/elements[39m
[35m[HTTP][39m [90m{"using":"xpath","value":"//*[@class = 'android.widget.TextView' and (@text = 'Proceed' or . = 'Proceed')]"}[39m
[35m[HTTP][39m [37m<-- POST /wd/hub/session/3f733db1-20e7-4f8d-895a-2b81d43d2d07/elements [39m[32m200[39m [90m160 ms - 139[39m
[35m[HTTP][39m [90m[39m
[35m[HTTP][39m [37m-->[39m [37mGET[39m [37m/wd/hub/session/3f733db1-20e7-4f8d-895a-2b81d43d2d07/element/00000000-0000-0012-ffff-ffff00000037/location[39m
[35m[HTTP][39m [90m{}[39m
[35m[W3C (3f733db1)][39m Driver proxy active, passing request on via HTTP proxy
[35m[WD Proxy][39m Replacing sessionId 1292c261-c118-4c1e-b4b1-28e0003e38cb with 3f733db1-20e7-4f8d-895a-2b81d43d2d07
[35m[HTTP][39m [37m<-- GET /wd/hub/session/3f733db1-20e7-4f8d-895a-2b81d43d2d07/element/00000000-0000-0012-ffff-ffff00000037/location [39m[32m200[39m [90m21 ms - 79[39m
[35m[HTTP][39m [90m[39m
[35m[HTTP][39m [37m-->[39m [37mPOST[39m [37m/wd/hub/session/3f733db1-20e7-4f8d-895a-2b81d43d2d07/element/00000000-0000-0012-ffff-ffff00000037/click[39m
[35m[HTTP][39m [90m{"id":"00000000-0000-0012-ffff-ffff00000037"}[39m
[35m[HTTP][39m [37m<-- POST /wd/hub/session/3f733db1-20e7-4f8d-895a-2b81d43d2d07/element/00000000-0000-0012-ffff-ffff00000037/click [39m[32m200[39m [90m42 ms - 14[39m
[35m[HTTP][39m [90m[39m
[35m[HTTP][39m [37m-->[39m [37mGET[39m [37m/wd/hub/session/3f733db1-20e7-4f8d-895a-2b81d43d2d07/source[39m
[35m[HTTP][39m [90m{}[39m
[35m[W3C (3f733db1)][39m Driver proxy active, passing request on via HTTP proxy
[35m[WD Proxy][39m Replacing sessionId 1292c261-c118-4c1e-b4b1-28e0003e38cb with 3f733db1-20e7-4f8d-895a-2b81d43d2d07
[35m[HTTP][39m [37m<-- GET /wd/hub/session/3f733db1-20e7-4f8d-895a-2b81d43d2d07/source [39m[32m200[39m [90m157 ms - 14502[39m
[35m[HTTP][39m [90m[39m
[35m[HTTP][39m [37m-->[39m [37mGET[39m [37m/wd/hub/session/3f733db1-20e7-4f8d-895a-2b81d43d2d07/screenshot[39m
[35m[HTTP][39m [90m{}[39m
[35m[HTTP][39m [37m<-- GET /wd/hub/session/3f733db1-20e7-4f8d-895a-2b81d43d2d07/screenshot [39m[32m200[39m [90m625 ms - 297530[39m
[35m[HTTP][39m [90m[39m
[35m[HTTP][39m [37m-->[39m [37mGET[39m [37m/wd/hub/session/3f733db1-20e7-4f8d-895a-2b81d43d2d07/contexts[39m
[35m[HTTP][39m [90m{}[39m
[35m[HTTP][39m [37m<-- GET /wd/hub/session/3f733db1-20e7-4f8d-895a-2b81d43d2d07/contexts [39m[32m200[39m [90m80 ms - 24[39m
[35m[HTTP][39m [90m[39m
[35m[HTTP][39m [37m-->[39m [37mPOST[39m [37m/wd/hub/session/3f733db1-20e7-4f8d-895a-2b81d43d2d07/context[39m
[35m[HTTP][39m [90m{"name":"NATIVE_APP"}[39m
[35m[HTTP][39m [37m<-- POST /wd/hub/session/3f733db1-20e7-4f8d-895a-2b81d43d2d07/context [39m[32m200[39m [90m1 ms - 14[39m
[35m[HTTP][39m [90m[39m
[35m[HTTP][39m [37m-->[39m [37mGET[39m [37m/wd/hub/session/3f733db1-20e7-4f8d-895a-2b81d43d2d07/source[39m
[35m[HTTP][39m [90m{}[39m
[35m[W3C (3f733db1)][39m Driver proxy active, passing request on via HTTP proxy
[35m[WD Proxy][39m Replacing sessionId 1292c261-c118-4c1e-b4b1-28e0003e38cb with 3f733db1-20e7-4f8d-895a-2b81d43d2d07
[35m[HTTP][39m [37m<-- GET /wd/hub/session/3f733db1-20e7-4f8d-895a-2b81d43d2d07/source [39m[32m200[39m [90m177 ms - 14502[39m
[35m[HTTP][39m [90m[39m
[35m[HTTP][39m [37m-->[39m [37mGET[39m [37m/wd/hub/session/3f733db1-20e7-4f8d-895a-2b81d43d2d07/screenshot[39m
[35m[HTTP][39m [90m{}[39m
[35m[HTTP][39m [37m<-- GET /wd/hub/session/3f733db1-20e7-4f8d-895a-2b81d43d2d07/screenshot [39m[32m200[39m [90m668 ms - 297582[39m
[35m[HTTP][39m [90m[39m
[35m[HTTP][39m [37m-->[39m [37mDELETE[39m [37m/wd/hub/session/3f733db1-20e7-4f8d-895a-2b81d43d2d07[39m
[35m[HTTP][39m [90m{}[39m
[35m[Appium][39m Removing session 3f733db1-20e7-4f8d-895a-2b81d43d2d07 from our master session list
[35m[UiAutomator2][39m Restoring hidden api policy to the device default configuration
[35m[HTTP][39m [37m<-- DELETE /wd/hub/session/3f733db1-20e7-4f8d-895a-2b81d43d2d07 [39m[32m200[39m [90m284 ms - 14[39m
[35m[HTTP][39m [90m[39m
