[35m[Appium][39m Welcome to Appium v1.22.3
[35m[Appium][39m Non-default server args:
[35m[Appium][39m   port: 50316
[35m[Appium][39m   loglevel: info
[35m[Appium][39m   tmpDir: C:\Users\ADMINI~1\AppData\Local\Temp\\Katalon\Appium\Temp1688969155457
[35m[Appium][39m   chromedriverPort: 50317
[35m[Appium][39m Deprecated server args:
[35m[Appium][39m   [31m--chromedriver-port[39m => --default-capabilities
[35m[Appium][39m Default capabilities, which will be added to each request unless overridden by desired capabilities:
[35m[Appium][39m   chromedriverPort: 50317
[35m[Appium][39m Appium REST http interface listener started on 0.0.0.0:50316
[35m[HTTP][39m [37m-->[39m [37mGET[39m [37m/wd/hub/status[39m
[35m[HTTP][39m [90m{}[39m
[35m[HTTP][39m [37m<-- GET /wd/hub/status [39m[32m200[39m [90m8 ms - 68[39m
[35m[HTTP][39m [90m[39m
[35m[HTTP][39m [37m-->[39m [37mGET[39m [37m/wd/hub/status[39m
[35m[HTTP][39m [90m{}[39m
[35m[HTTP][39m [37m<-- GET /wd/hub/status [39m[32m200[39m [90m1 ms - 68[39m
[35m[HTTP][39m [90m[39m
[35m[HTTP][39m [37m-->[39m [37mPOST[39m [37m/wd/hub/session[39m
[35m[HTTP][39m [90m{"desiredCapabilities":{"app":"C:\\Users\\Administrator\\Downloads\\app-arm64-v8a-release33.apk","noReset":true,"deviceName":"motorola Moto G (4) (Android 7.0)","fullReset":false,"platform":"ANDROID","newCommandTimeout":1800,"platformVersion":"7.0","automationName":"uiautomator2","autoGrantPermissions":true,"platformName":"Android","udid":"ZY22394JT7","systemPort":50322},"capabilities":{"firstMatch":[{"appium:app":"C:\\Users\\Administrator\\Downloads\\app-arm64-v8a-release33.apk","appium:autoGrantPermissions":true,"appium:automationName":"uiautomator2","appium:deviceName":"motorola Moto G (4) (Android 7.0)","appium:fullReset":false,"appium:newCommandTimeout":1800,"appium:noReset":true,"platform":"ANDROID","platformName":"android","appium:platformVersion":"7.0","appium:systemPort":50322,"appium:udid":"ZY22394JT7"}]}}[39m
[35m[BaseDriver][39m The following capabilities are not standard capabilities and should have an extension prefix:
[35m[BaseDriver][39m   platform
[35m[BaseDriver][39m   chromedriverPort
[35m[Appium][39m Appium v1.22.3 creating new AndroidUiautomator2Driver (v1.70.1) session
[35m[BaseDriver][39m The following capabilities were provided, but are not recognized by Appium:
[35m[BaseDriver][39m   platform
[35m[BaseDriver][39m Session created with session id: 61a06a48-c801-40ab-af59-0dac6c331390
[35m[BaseDriver][39m Using local app 'C:\Users\Administrator\Downloads\app-arm64-v8a-release33.apk'
[35m[ADB][39m Found 2 'build-tools' folders under 'C:\Users\Administrator\Desktop\android-sdk' (newest first):
[35m[ADB][39m     C:/Users/Administrator/Desktop/android-sdk/build-tools/34.0.0
[35m[ADB][39m     C:/Users/Administrator/Desktop/android-sdk/build-tools/30.0.3
[35m[ADB][39m Using 'adb.exe' from 'C:\Users\Administrator\Desktop\android-sdk\platform-tools\adb.exe'
[35m[AndroidDriver][39m Retrieving device list
[35m[HTTP][39m [37m<-- POST /wd/hub/session [39m[31m500[39m [90m578 ms - 693[39m
[35m[HTTP][39m [90m[39m
